2025-08-09T12:31:00.717Z - INFO - Мигрирован пользователь 1364079703
2025-08-09T12:31:00.942Z - INFO - Мигрирован пользователь 6825148174
2025-08-09T12:31:00.942Z - INFO - Миграция данных завершена успешно
2025-08-09T12:31:00.947Z - INFO - Соединение с MongoDB закрыто
2025-08-09T12:31:41.373Z - INFO - Бот запущен
2025-08-09T12:31:43.450Z - INFO - Успешно подключено к MongoDB, индекс для chatId создан
2025-08-09T12:31:43.608Z - INFO - Данные пользователей загружены из MongoDB
2025-08-09T12:31:43.609Z - INFO - Загружено 2 пользователей для планирования проверок
2025-08-09T12:31:43.610Z - INFO - Запуск планировщика для chat_id: 1364079703 с интервалом: */5 * * * *
2025-08-09T12:31:44.104Z - INFO - Запуск планировщика для chat_id: 6825148174 с интервалом: */5 * * * *
2025-08-09T12:31:44.337Z - INFO - Успешно подключено к MongoDB, индекс для chatId создан
2025-08-09T12:32:11.966Z - INFO - Данные пользователей загружены из MongoDB
2025-08-09T12:32:11.967Z - INFO - Отправка списка товаров, chat_id: 6825148174, страница: 1/1
2025-08-09T12:32:11.968Z - INFO - Отправка сообщения, imageUrl: https://basket-14.wbbasket.ru/vol2148/part214867/214867261/images/big/1.webp
2025-08-09T12:32:17.505Z - INFO - Данные пользователей загружены из MongoDB
2025-08-09T12:32:17.506Z - INFO - Отправка списка товаров, chat_id: 1364079703, страница: 1/4
2025-08-09T12:32:17.506Z - INFO - Отправка сообщения, imageUrl: https://basket-03.wbbasket.ru/vol363/part36345/36345264/images/big/1.webp
2025-08-09T12:32:20.934Z - INFO - Callback_query: page_next_2, chat_id: 1364079703
2025-08-09T12:32:21.266Z - INFO - Данные пользователей загружены из MongoDB
2025-08-09T12:32:21.267Z - INFO - Отправка списка товаров, chat_id: 1364079703, страница: 2/4
2025-08-09T12:32:21.267Z - INFO - Отправка сообщения, imageUrl: https://basket-15.wbbasket.ru/vol2266/part226606/226606821/images/big/1.webp
2025-08-09T12:32:22.713Z - INFO - Callback_query: page_next_3, chat_id: 1364079703
2025-08-09T12:32:23.087Z - INFO - Данные пользователей загружены из MongoDB
2025-08-09T12:32:23.088Z - INFO - Отправка списка товаров, chat_id: 1364079703, страница: 3/4
2025-08-09T12:32:23.088Z - INFO - Отправка сообщения, imageUrl: https://basket-16.wbbasket.ru/vol2551/part255137/255137462/images/big/1.webp
2025-08-09T12:32:24.463Z - INFO - Callback_query: page_next_4, chat_id: 1364079703
2025-08-09T12:32:24.776Z - INFO - Данные пользователей загружены из MongoDB
2025-08-09T12:32:24.776Z - INFO - Отправка списка товаров, chat_id: 1364079703, страница: 4/4
2025-08-09T12:32:24.777Z - INFO - Отправка сообщения, imageUrl: https://basket-18.wbbasket.ru/vol2892/part289252/289252074/images/big/1.webp
2025-08-09T12:32:26.763Z - INFO - Callback_query: main_menu, chat_id: 1364079703
2025-08-09T12:32:39.460Z - INFO - Данные пользователей загружены из MongoDB
2025-08-09T12:32:39.614Z - INFO - Данные пользователей загружены из MongoDB
2025-08-09T12:32:39.615Z - INFO - Запрос к card API: https://basket-01.wbbasket.ru/vol2666/part266637/266637176/info/ru/card.json
2025-08-09T12:32:40.417Z - WARN - Ошибка card API: Request failed with status code 404, URL: https://basket-01.wbbasket.ru/vol2666/part266637/266637176/info/ru/card.json
2025-08-09T12:32:40.418Z - INFO - Запрос к card API: https://basket-02.wbbasket.ru/vol2666/part266637/266637176/info/ru/card.json
2025-08-09T12:32:41.198Z - WARN - Ошибка card API: Request failed with status code 404, URL: https://basket-02.wbbasket.ru/vol2666/part266637/266637176/info/ru/card.json
2025-08-09T12:32:41.199Z - INFO - Запрос к card API: https://basket-03.wbbasket.ru/vol2666/part266637/266637176/info/ru/card.json
2025-08-09T12:32:41.997Z - WARN - Ошибка card API: Request failed with status code 404, URL: https://basket-03.wbbasket.ru/vol2666/part266637/266637176/info/ru/card.json
2025-08-09T12:32:41.998Z - INFO - Запрос к card API: https://basket-04.wbbasket.ru/vol2666/part266637/266637176/info/ru/card.json
2025-08-09T12:32:42.787Z - WARN - Ошибка card API: Request failed with status code 404, URL: https://basket-04.wbbasket.ru/vol2666/part266637/266637176/info/ru/card.json
2025-08-09T12:32:42.788Z - INFO - Запрос к card API: https://basket-05.wbbasket.ru/vol2666/part266637/266637176/info/ru/card.json
2025-08-09T12:32:43.600Z - WARN - Ошибка card API: Request failed with status code 404, URL: https://basket-05.wbbasket.ru/vol2666/part266637/266637176/info/ru/card.json
2025-08-09T12:32:43.600Z - INFO - Запрос к card API: https://basket-06.wbbasket.ru/vol2666/part266637/266637176/info/ru/card.json
2025-08-09T12:32:44.385Z - WARN - Ошибка card API: Request failed with status code 404, URL: https://basket-06.wbbasket.ru/vol2666/part266637/266637176/info/ru/card.json
2025-08-09T12:32:44.386Z - INFO - Запрос к card API: https://basket-07.wbbasket.ru/vol2666/part266637/266637176/info/ru/card.json
2025-08-09T12:32:44.466Z - INFO - Отправка сообщения ожидания для 266637176
2025-08-09T12:32:45.174Z - WARN - Ошибка card API: Request failed with status code 404, URL: https://basket-07.wbbasket.ru/vol2666/part266637/266637176/info/ru/card.json
2025-08-09T12:32:45.175Z - INFO - Запрос к card API: https://basket-08.wbbasket.ru/vol2666/part266637/266637176/info/ru/card.json
2025-08-09T12:32:45.967Z - WARN - Ошибка card API: Request failed with status code 404, URL: https://basket-08.wbbasket.ru/vol2666/part266637/266637176/info/ru/card.json
2025-08-09T12:32:45.968Z - INFO - Запрос к card API: https://basket-09.wbbasket.ru/vol2666/part266637/266637176/info/ru/card.json
2025-08-09T12:32:46.803Z - WARN - Ошибка card API: Request failed with status code 404, URL: https://basket-09.wbbasket.ru/vol2666/part266637/266637176/info/ru/card.json
2025-08-09T12:32:46.803Z - INFO - Запрос к card API: https://basket-10.wbbasket.ru/vol2666/part266637/266637176/info/ru/card.json
2025-08-09T12:32:47.617Z - WARN - Ошибка card API: Request failed with status code 404, URL: https://basket-10.wbbasket.ru/vol2666/part266637/266637176/info/ru/card.json
2025-08-09T12:32:47.618Z - INFO - Запрос к card API: https://basket-11.wbbasket.ru/vol2666/part266637/266637176/info/ru/card.json
2025-08-09T12:32:48.414Z - WARN - Ошибка card API: Request failed with status code 404, URL: https://basket-11.wbbasket.ru/vol2666/part266637/266637176/info/ru/card.json
2025-08-09T12:32:48.415Z - INFO - Запрос к card API: https://basket-12.wbbasket.ru/vol2666/part266637/266637176/info/ru/card.json
2025-08-09T12:32:49.217Z - WARN - Ошибка card API: Request failed with status code 404, URL: https://basket-12.wbbasket.ru/vol2666/part266637/266637176/info/ru/card.json
2025-08-09T12:32:49.218Z - INFO - Запрос к card API: https://basket-13.wbbasket.ru/vol2666/part266637/266637176/info/ru/card.json
2025-08-09T12:32:49.883Z - WARN - Ошибка card API: Request failed with status code 404, URL: https://basket-13.wbbasket.ru/vol2666/part266637/266637176/info/ru/card.json
2025-08-09T12:32:49.884Z - INFO - Запрос к card API: https://basket-14.wbbasket.ru/vol2666/part266637/266637176/info/ru/card.json
2025-08-09T12:32:50.696Z - WARN - Ошибка card API: Request failed with status code 404, URL: https://basket-14.wbbasket.ru/vol2666/part266637/266637176/info/ru/card.json
2025-08-09T12:32:50.696Z - INFO - Запрос к card API: https://basket-15.wbbasket.ru/vol2666/part266637/266637176/info/ru/card.json
2025-08-09T12:32:51.472Z - WARN - Ошибка card API: Request failed with status code 404, URL: https://basket-15.wbbasket.ru/vol2666/part266637/266637176/info/ru/card.json
2025-08-09T12:32:51.473Z - INFO - Запрос к card API: https://basket-16.wbbasket.ru/vol2666/part266637/266637176/info/ru/card.json
2025-08-09T12:32:52.265Z - WARN - Ошибка card API: Request failed with status code 404, URL: https://basket-16.wbbasket.ru/vol2666/part266637/266637176/info/ru/card.json
2025-08-09T12:32:52.266Z - INFO - Запрос к card API: https://basket-17.wbbasket.ru/vol2666/part266637/266637176/info/ru/card.json
2025-08-09T12:32:53.520Z - INFO - Данные пользователей сохранены в MongoDB
2025-08-09T12:32:53.656Z - INFO - Изображение доступно: https://basket-17.wbbasket.ru/vol2666/part266637/266637176/images/big/1.webp
2025-08-09T12:32:53.657Z - INFO - Запрос к price API: https://basket-17.wbbasket.ru/vol2666/part266637/266637176/info/price-history.json
2025-08-09T12:32:53.798Z - INFO - Запрос к wb_card API: https://card.wb.ru/cards/v4/detail?appType=1&curr=rub&dest=123585822&spp=30&hide_dtype=13&ab_testid=no_reranking&lang=ru&nm=266637176
2025-08-09T12:32:54.309Z - INFO - Успешно получены данные для 266637176, imageUrl: https://basket-17.wbbasket.ru/vol2666/part266637/266637176/images/big/1.webp
2025-08-09T12:32:54.780Z - INFO - Данные пользователей сохранены в MongoDB
2025-08-09T12:32:54.780Z - INFO - Отправка сообщения, imageUrl: https://basket-17.wbbasket.ru/vol2666/part266637/266637176/images/big/1.webp
2025-08-09T12:33:00.849Z - INFO - Данные пользователей загружены из MongoDB
2025-08-09T12:33:00.849Z - INFO - Отправка списка товаров, chat_id: 1364079703, страница: 1/5
2025-08-09T12:33:00.850Z - INFO - Отправка сообщения, imageUrl: https://basket-03.wbbasket.ru/vol363/part36345/36345264/images/big/1.webp
2025-08-09T12:33:02.688Z - INFO - Callback_query: page_next_2, chat_id: 1364079703
2025-08-09T12:33:03.051Z - INFO - Данные пользователей загружены из MongoDB
2025-08-09T12:33:03.051Z - INFO - Отправка списка товаров, chat_id: 1364079703, страница: 2/5
2025-08-09T12:33:03.052Z - INFO - Отправка сообщения, imageUrl: https://basket-15.wbbasket.ru/vol2266/part226606/226606821/images/big/1.webp
2025-08-09T12:33:07.288Z - INFO - Callback_query: page_next_3, chat_id: 1364079703
2025-08-09T12:33:07.603Z - INFO - Данные пользователей загружены из MongoDB
2025-08-09T12:33:07.604Z - INFO - Отправка списка товаров, chat_id: 1364079703, страница: 3/5
2025-08-09T12:33:07.605Z - INFO - Отправка сообщения, imageUrl: https://basket-16.wbbasket.ru/vol2551/part255137/255137462/images/big/1.webp
2025-08-09T12:33:09.239Z - INFO - Callback_query: page_next_4, chat_id: 1364079703
2025-08-09T12:33:09.573Z - INFO - Данные пользователей загружены из MongoDB
2025-08-09T12:33:09.574Z - INFO - Отправка списка товаров, chat_id: 1364079703, страница: 4/5
2025-08-09T12:33:09.574Z - INFO - Отправка сообщения, imageUrl: https://basket-17.wbbasket.ru/vol2666/part266637/266637176/images/big/1.webp
2025-08-09T12:33:11.835Z - INFO - Callback_query: page_next_5, chat_id: 1364079703
2025-08-09T12:33:12.240Z - INFO - Данные пользователей загружены из MongoDB
2025-08-09T12:33:12.240Z - INFO - Отправка списка товаров, chat_id: 1364079703, страница: 5/5
2025-08-09T12:33:12.241Z - INFO - Отправка сообщения, imageUrl: https://basket-18.wbbasket.ru/vol2892/part289252/289252074/images/big/1.webp
2025-08-09T12:33:15.456Z - INFO - Callback_query: page_prev_4, chat_id: 1364079703
2025-08-09T12:33:15.768Z - INFO - Данные пользователей загружены из MongoDB
2025-08-09T12:33:15.768Z - INFO - Отправка списка товаров, chat_id: 1364079703, страница: 4/5
2025-08-09T12:33:15.769Z - INFO - Отправка сообщения, imageUrl: https://basket-17.wbbasket.ru/vol2666/part266637/266637176/images/big/1.webp
2025-08-09T12:33:18.535Z - INFO - Callback_query: page_prev_3, chat_id: 1364079703
2025-08-09T12:33:18.850Z - INFO - Данные пользователей загружены из MongoDB
2025-08-09T12:33:18.851Z - INFO - Отправка списка товаров, chat_id: 1364079703, страница: 3/5
2025-08-09T12:33:18.851Z - INFO - Отправка сообщения, imageUrl: https://basket-16.wbbasket.ru/vol2551/part255137/255137462/images/big/1.webp
2025-08-09T12:33:20.797Z - INFO - Callback_query: page_prev_2, chat_id: 1364079703
2025-08-09T12:33:21.109Z - INFO - Данные пользователей загружены из MongoDB
2025-08-09T12:33:21.110Z - INFO - Отправка списка товаров, chat_id: 1364079703, страница: 2/5
2025-08-09T12:33:21.111Z - INFO - Отправка сообщения, imageUrl: https://basket-15.wbbasket.ru/vol2266/part226606/226606821/images/big/1.webp
2025-08-09T12:33:22.561Z - INFO - Callback_query: page_prev_1, chat_id: 1364079703
2025-08-09T12:33:22.886Z - INFO - Данные пользователей загружены из MongoDB
2025-08-09T12:33:22.887Z - INFO - Отправка списка товаров, chat_id: 1364079703, страница: 1/5
2025-08-09T12:33:22.887Z - INFO - Отправка сообщения, imageUrl: https://basket-03.wbbasket.ru/vol363/part36345/36345264/images/big/1.webp
2025-08-09T12:33:24.824Z - INFO - Callback_query: main_menu, chat_id: 1364079703
2025-08-09T12:33:28.523Z - INFO - Данные пользователей загружены из MongoDB
2025-08-09T12:33:31.844Z - INFO - Callback_query: remove_36345264, chat_id: 1364079703
2025-08-09T12:33:32.169Z - INFO - Данные пользователей загружены из MongoDB
2025-08-09T12:33:32.641Z - INFO - Данные пользователей сохранены в MongoDB
2025-08-09T12:33:35.848Z - INFO - Данные пользователей загружены из MongoDB
2025-08-09T12:33:38.233Z - INFO - Callback_query: remove_226606821, chat_id: 1364079703
2025-08-09T12:33:38.590Z - INFO - Данные пользователей загружены из MongoDB
2025-08-09T12:33:39.057Z - INFO - Данные пользователей сохранены в MongoDB
2025-08-09T12:33:41.499Z - INFO - Данные пользователей загружены из MongoDB
2025-08-09T12:33:44.421Z - INFO - Callback_query: remove_255137462, chat_id: 1364079703
2025-08-09T12:33:44.737Z - INFO - Данные пользователей загружены из MongoDB
2025-08-09T12:33:45.197Z - INFO - Данные пользователей сохранены в MongoDB
2025-08-09T12:33:46.979Z - INFO - Данные пользователей загружены из MongoDB
2025-08-09T12:33:49.542Z - INFO - Callback_query: remove_289252074, chat_id: 1364079703
2025-08-09T12:33:49.927Z - INFO - Данные пользователей загружены из MongoDB
2025-08-09T12:33:50.386Z - INFO - Данные пользователей сохранены в MongoDB
2025-08-09T12:34:11.047Z - INFO - Данные пользователей загружены из MongoDB
2025-08-09T12:34:11.048Z - INFO - Отправка списка товаров, chat_id: 6825148174, страница: 1/1
2025-08-09T12:34:11.048Z - INFO - Отправка сообщения, imageUrl: https://basket-14.wbbasket.ru/vol2148/part214867/214867261/images/big/1.webp
2025-08-09T12:34:13.528Z - INFO - Callback_query: main_menu, chat_id: 6825148174
2025-08-09T12:34:28.738Z - INFO - Данные пользователей загружены из MongoDB
2025-08-09T12:34:28.739Z - INFO - Отправка списка товаров, chat_id: 1364079703, страница: 1/1
2025-08-09T12:34:28.740Z - INFO - Отправка сообщения, imageUrl: https://basket-17.wbbasket.ru/vol2666/part266637/266637176/images/big/1.webp
2025-08-09T12:34:31.404Z - INFO - Callback_query: main_menu, chat_id: 1364079703
2025-08-09T12:34:34.086Z - INFO - Данные пользователей загружены из MongoDB
2025-08-09T12:34:34.264Z - INFO - Проверка товара 266637176 для chat_id: 1364079703
2025-08-09T12:34:34.416Z - INFO - Данные пользователей загружены из MongoDB
2025-08-09T12:34:34.416Z - INFO - Запрос к card API: https://basket-01.wbbasket.ru/vol2666/part266637/266637176/info/ru/card.json
2025-08-09T12:34:35.206Z - WARN - Ошибка card API: Request failed with status code 404, URL: https://basket-01.wbbasket.ru/vol2666/part266637/266637176/info/ru/card.json
2025-08-09T12:34:35.207Z - INFO - Запрос к card API: https://basket-02.wbbasket.ru/vol2666/part266637/266637176/info/ru/card.json
2025-08-09T12:34:35.898Z - WARN - Ошибка card API: Request failed with status code 404, URL: https://basket-02.wbbasket.ru/vol2666/part266637/266637176/info/ru/card.json
2025-08-09T12:34:35.899Z - INFO - Запрос к card API: https://basket-03.wbbasket.ru/vol2666/part266637/266637176/info/ru/card.json
2025-08-09T12:34:36.598Z - WARN - Ошибка card API: Request failed with status code 404, URL: https://basket-03.wbbasket.ru/vol2666/part266637/266637176/info/ru/card.json
2025-08-09T12:34:36.598Z - INFO - Запрос к card API: https://basket-04.wbbasket.ru/vol2666/part266637/266637176/info/ru/card.json
2025-08-09T12:34:37.285Z - WARN - Ошибка card API: Request failed with status code 404, URL: https://basket-04.wbbasket.ru/vol2666/part266637/266637176/info/ru/card.json
2025-08-09T12:34:37.286Z - INFO - Запрос к card API: https://basket-05.wbbasket.ru/vol2666/part266637/266637176/info/ru/card.json
2025-08-09T12:34:38.067Z - WARN - Ошибка card API: Request failed with status code 404, URL: https://basket-05.wbbasket.ru/vol2666/part266637/266637176/info/ru/card.json
2025-08-09T12:34:38.068Z - INFO - Запрос к card API: https://basket-06.wbbasket.ru/vol2666/part266637/266637176/info/ru/card.json
2025-08-09T12:34:38.746Z - WARN - Ошибка card API: Request failed with status code 404, URL: https://basket-06.wbbasket.ru/vol2666/part266637/266637176/info/ru/card.json
2025-08-09T12:34:38.746Z - INFO - Запрос к card API: https://basket-07.wbbasket.ru/vol2666/part266637/266637176/info/ru/card.json
2025-08-09T12:34:39.412Z - WARN - Ошибка card API: Request failed with status code 404, URL: https://basket-07.wbbasket.ru/vol2666/part266637/266637176/info/ru/card.json
2025-08-09T12:34:39.413Z - INFO - Запрос к card API: https://basket-08.wbbasket.ru/vol2666/part266637/266637176/info/ru/card.json
2025-08-09T12:34:40.256Z - WARN - Ошибка card API: Request failed with status code 404, URL: https://basket-08.wbbasket.ru/vol2666/part266637/266637176/info/ru/card.json
2025-08-09T12:34:40.256Z - INFO - Запрос к card API: https://basket-09.wbbasket.ru/vol2666/part266637/266637176/info/ru/card.json
2025-08-09T12:34:40.936Z - WARN - Ошибка card API: Request failed with status code 404, URL: https://basket-09.wbbasket.ru/vol2666/part266637/266637176/info/ru/card.json
2025-08-09T12:34:40.936Z - INFO - Запрос к card API: https://basket-10.wbbasket.ru/vol2666/part266637/266637176/info/ru/card.json
2025-08-09T12:34:41.597Z - WARN - Ошибка card API: Request failed with status code 404, URL: https://basket-10.wbbasket.ru/vol2666/part266637/266637176/info/ru/card.json
2025-08-09T12:34:41.598Z - INFO - Запрос к card API: https://basket-11.wbbasket.ru/vol2666/part266637/266637176/info/ru/card.json
2025-08-09T12:34:42.295Z - WARN - Ошибка card API: Request failed with status code 404, URL: https://basket-11.wbbasket.ru/vol2666/part266637/266637176/info/ru/card.json
2025-08-09T12:34:42.295Z - INFO - Запрос к card API: https://basket-12.wbbasket.ru/vol2666/part266637/266637176/info/ru/card.json
2025-08-09T12:34:42.979Z - WARN - Ошибка card API: Request failed with status code 404, URL: https://basket-12.wbbasket.ru/vol2666/part266637/266637176/info/ru/card.json
2025-08-09T12:34:42.979Z - INFO - Запрос к card API: https://basket-13.wbbasket.ru/vol2666/part266637/266637176/info/ru/card.json
2025-08-09T12:34:43.776Z - WARN - Ошибка card API: Request failed with status code 404, URL: https://basket-13.wbbasket.ru/vol2666/part266637/266637176/info/ru/card.json
2025-08-09T12:34:43.777Z - INFO - Запрос к card API: https://basket-14.wbbasket.ru/vol2666/part266637/266637176/info/ru/card.json
2025-08-09T12:34:44.458Z - WARN - Ошибка card API: Request failed with status code 404, URL: https://basket-14.wbbasket.ru/vol2666/part266637/266637176/info/ru/card.json
2025-08-09T12:34:44.459Z - INFO - Запрос к card API: https://basket-15.wbbasket.ru/vol2666/part266637/266637176/info/ru/card.json
2025-08-09T12:34:45.146Z - WARN - Ошибка card API: Request failed with status code 404, URL: https://basket-15.wbbasket.ru/vol2666/part266637/266637176/info/ru/card.json
2025-08-09T12:34:45.147Z - INFO - Запрос к card API: https://basket-16.wbbasket.ru/vol2666/part266637/266637176/info/ru/card.json
2025-08-09T12:34:45.845Z - WARN - Ошибка card API: Request failed with status code 404, URL: https://basket-16.wbbasket.ru/vol2666/part266637/266637176/info/ru/card.json
2025-08-09T12:34:45.846Z - INFO - Запрос к card API: https://basket-17.wbbasket.ru/vol2666/part266637/266637176/info/ru/card.json
2025-08-09T12:34:46.952Z - INFO - Данные пользователей сохранены в MongoDB
2025-08-09T12:34:47.090Z - INFO - Изображение доступно: https://basket-17.wbbasket.ru/vol2666/part266637/266637176/images/big/1.webp
2025-08-09T12:34:47.090Z - INFO - Запрос к price API: https://basket-17.wbbasket.ru/vol2666/part266637/266637176/info/price-history.json
2025-08-09T12:34:47.232Z - INFO - Запрос к wb_card API: https://card.wb.ru/cards/v4/detail?appType=1&curr=rub&dest=123585822&spp=30&hide_dtype=13&ab_testid=no_reranking&lang=ru&nm=266637176
2025-08-09T12:34:47.636Z - INFO - Успешно получены данные для 266637176, imageUrl: https://basket-17.wbbasket.ru/vol2666/part266637/266637176/images/big/1.webp
2025-08-09T12:34:52.419Z - INFO - Callback_query: interval_15, chat_id: 1364079703
2025-08-09T12:34:52.817Z - INFO - Данные пользователей загружены из MongoDB
2025-08-09T12:34:53.280Z - INFO - Данные пользователей сохранены в MongoDB
2025-08-09T12:35:00.012Z - INFO - Запуск автоматической проверки цен для chat_id: 6825148174
2025-08-09T12:35:00.020Z - INFO - Запуск автоматической проверки цен для chat_id: 1364079703
2025-08-09T12:35:00.170Z - INFO - Данные пользователей загружены из MongoDB
2025-08-09T12:35:00.170Z - INFO - Проверка товара 266637176 для chat_id: 1364079703
2025-08-09T12:35:00.172Z - INFO - Данные пользователей загружены из MongoDB
2025-08-09T12:35:00.187Z - INFO - Проверка товара 214867261 для chat_id: 6825148174
2025-08-09T12:35:00.331Z - INFO - Данные пользователей загружены из MongoDB
2025-08-09T12:35:00.332Z - INFO - Запрос к card API: https://basket-01.wbbasket.ru/vol2666/part266637/266637176/info/ru/card.json
2025-08-09T12:35:00.336Z - INFO - Данные пользователей загружены из MongoDB
2025-08-09T12:35:00.337Z - INFO - Запрос к card API: https://basket-01.wbbasket.ru/vol2148/part214867/214867261/info/ru/card.json
2025-08-09T12:35:01.036Z - WARN - Ошибка card API: Request failed with status code 404, URL: https://basket-01.wbbasket.ru/vol2666/part266637/266637176/info/ru/card.json
2025-08-09T12:35:01.037Z - INFO - Запрос к card API: https://basket-02.wbbasket.ru/vol2666/part266637/266637176/info/ru/card.json
2025-08-09T12:35:01.069Z - WARN - Ошибка card API: Request failed with status code 404, URL: https://basket-01.wbbasket.ru/vol2148/part214867/214867261/info/ru/card.json
2025-08-09T12:35:01.069Z - INFO - Запрос к card API: https://basket-02.wbbasket.ru/vol2148/part214867/214867261/info/ru/card.json
2025-08-09T12:35:01.717Z - WARN - Ошибка card API: Request failed with status code 404, URL: https://basket-02.wbbasket.ru/vol2666/part266637/266637176/info/ru/card.json
2025-08-09T12:35:01.717Z - INFO - Запрос к card API: https://basket-03.wbbasket.ru/vol2666/part266637/266637176/info/ru/card.json
2025-08-09T12:35:01.768Z - WARN - Ошибка card API: Request failed with status code 404, URL: https://basket-02.wbbasket.ru/vol2148/part214867/214867261/info/ru/card.json
2025-08-09T12:35:01.769Z - INFO - Запрос к card API: https://basket-03.wbbasket.ru/vol2148/part214867/214867261/info/ru/card.json
2025-08-09T12:35:02.419Z - WARN - Ошибка card API: Request failed with status code 404, URL: https://basket-03.wbbasket.ru/vol2666/part266637/266637176/info/ru/card.json
2025-08-09T12:35:02.420Z - INFO - Запрос к card API: https://basket-04.wbbasket.ru/vol2666/part266637/266637176/info/ru/card.json
2025-08-09T12:35:02.468Z - WARN - Ошибка card API: Request failed with status code 404, URL: https://basket-03.wbbasket.ru/vol2148/part214867/214867261/info/ru/card.json
2025-08-09T12:35:02.469Z - INFO - Запрос к card API: https://basket-04.wbbasket.ru/vol2148/part214867/214867261/info/ru/card.json
2025-08-09T12:35:03.124Z - WARN - Ошибка card API: Request failed with status code 404, URL: https://basket-04.wbbasket.ru/vol2666/part266637/266637176/info/ru/card.json
2025-08-09T12:35:03.125Z - INFO - Запрос к card API: https://basket-05.wbbasket.ru/vol2666/part266637/266637176/info/ru/card.json
2025-08-09T12:35:03.187Z - WARN - Ошибка card API: Request failed with status code 404, URL: https://basket-04.wbbasket.ru/vol2148/part214867/214867261/info/ru/card.json
2025-08-09T12:35:03.187Z - INFO - Запрос к card API: https://basket-05.wbbasket.ru/vol2148/part214867/214867261/info/ru/card.json
2025-08-09T12:35:03.795Z - WARN - Ошибка card API: Request failed with status code 404, URL: https://basket-05.wbbasket.ru/vol2666/part266637/266637176/info/ru/card.json
2025-08-09T12:35:03.795Z - INFO - Запрос к card API: https://basket-06.wbbasket.ru/vol2666/part266637/266637176/info/ru/card.json
2025-08-09T12:35:03.885Z - WARN - Ошибка card API: Request failed with status code 404, URL: https://basket-05.wbbasket.ru/vol2148/part214867/214867261/info/ru/card.json
2025-08-09T12:35:03.886Z - INFO - Запрос к card API: https://basket-06.wbbasket.ru/vol2148/part214867/214867261/info/ru/card.json
2025-08-09T12:35:04.477Z - WARN - Ошибка card API: Request failed with status code 404, URL: https://basket-06.wbbasket.ru/vol2666/part266637/266637176/info/ru/card.json
2025-08-09T12:35:04.478Z - INFO - Запрос к card API: https://basket-07.wbbasket.ru/vol2666/part266637/266637176/info/ru/card.json
2025-08-09T12:35:04.572Z - WARN - Ошибка card API: Request failed with status code 404, URL: https://basket-06.wbbasket.ru/vol2148/part214867/214867261/info/ru/card.json
2025-08-09T12:35:04.572Z - INFO - Запрос к card API: https://basket-07.wbbasket.ru/vol2148/part214867/214867261/info/ru/card.json
2025-08-09T12:35:05.249Z - WARN - Ошибка card API: Request failed with status code 404, URL: https://basket-07.wbbasket.ru/vol2148/part214867/214867261/info/ru/card.json
2025-08-09T12:35:05.249Z - INFO - Запрос к card API: https://basket-08.wbbasket.ru/vol2148/part214867/214867261/info/ru/card.json
2025-08-09T12:35:05.280Z - WARN - Ошибка card API: Request failed with status code 404, URL: https://basket-07.wbbasket.ru/vol2666/part266637/266637176/info/ru/card.json
2025-08-09T12:35:05.281Z - INFO - Запрос к card API: https://basket-08.wbbasket.ru/vol2666/part266637/266637176/info/ru/card.json
2025-08-09T12:35:05.952Z - WARN - Ошибка card API: Request failed with status code 404, URL: https://basket-08.wbbasket.ru/vol2148/part214867/214867261/info/ru/card.json
2025-08-09T12:35:05.952Z - INFO - Запрос к card API: https://basket-09.wbbasket.ru/vol2148/part214867/214867261/info/ru/card.json
2025-08-09T12:35:05.957Z - WARN - Ошибка card API: Request failed with status code 404, URL: https://basket-08.wbbasket.ru/vol2666/part266637/266637176/info/ru/card.json
2025-08-09T12:35:05.957Z - INFO - Запрос к card API: https://basket-09.wbbasket.ru/vol2666/part266637/266637176/info/ru/card.json
2025-08-09T12:35:06.678Z - WARN - Ошибка card API: Request failed with status code 404, URL: https://basket-09.wbbasket.ru/vol2148/part214867/214867261/info/ru/card.json
2025-08-09T12:35:06.679Z - INFO - Запрос к card API: https://basket-10.wbbasket.ru/vol2148/part214867/214867261/info/ru/card.json
2025-08-09T12:35:06.683Z - WARN - Ошибка card API: Request failed with status code 404, URL: https://basket-09.wbbasket.ru/vol2666/part266637/266637176/info/ru/card.json
2025-08-09T12:35:06.684Z - INFO - Запрос к card API: https://basket-10.wbbasket.ru/vol2666/part266637/266637176/info/ru/card.json
2025-08-09T12:35:07.348Z - WARN - Ошибка card API: Request failed with status code 404, URL: https://basket-10.wbbasket.ru/vol2148/part214867/214867261/info/ru/card.json
2025-08-09T12:35:07.348Z - INFO - Запрос к card API: https://basket-11.wbbasket.ru/vol2148/part214867/214867261/info/ru/card.json
2025-08-09T12:35:07.368Z - WARN - Ошибка card API: Request failed with status code 404, URL: https://basket-10.wbbasket.ru/vol2666/part266637/266637176/info/ru/card.json
2025-08-09T12:35:07.369Z - INFO - Запрос к card API: https://basket-11.wbbasket.ru/vol2666/part266637/266637176/info/ru/card.json
2025-08-09T12:35:08.015Z - WARN - Ошибка card API: Request failed with status code 404, URL: https://basket-11.wbbasket.ru/vol2148/part214867/214867261/info/ru/card.json
2025-08-09T12:35:08.016Z - INFO - Запрос к card API: https://basket-12.wbbasket.ru/vol2148/part214867/214867261/info/ru/card.json
2025-08-09T12:35:08.069Z - WARN - Ошибка card API: Request failed with status code 404, URL: https://basket-11.wbbasket.ru/vol2666/part266637/266637176/info/ru/card.json
2025-08-09T12:35:08.069Z - INFO - Запрос к card API: https://basket-12.wbbasket.ru/vol2666/part266637/266637176/info/ru/card.json
2025-08-09T12:35:08.736Z - WARN - Ошибка card API: Request failed with status code 404, URL: https://basket-12.wbbasket.ru/vol2148/part214867/214867261/info/ru/card.json
2025-08-09T12:35:08.737Z - INFO - Запрос к card API: https://basket-13.wbbasket.ru/vol2148/part214867/214867261/info/ru/card.json
2025-08-09T12:35:08.775Z - WARN - Ошибка card API: Request failed with status code 404, URL: https://basket-12.wbbasket.ru/vol2666/part266637/266637176/info/ru/card.json
2025-08-09T12:35:08.776Z - INFO - Запрос к card API: https://basket-13.wbbasket.ru/vol2666/part266637/266637176/info/ru/card.json
2025-08-09T12:35:09.417Z - WARN - Ошибка card API: Request failed with status code 404, URL: https://basket-13.wbbasket.ru/vol2148/part214867/214867261/info/ru/card.json
2025-08-09T12:35:09.418Z - INFO - Запрос к card API: https://basket-14.wbbasket.ru/vol2148/part214867/214867261/info/ru/card.json
2025-08-09T12:35:09.455Z - WARN - Ошибка card API: Request failed with status code 404, URL: https://basket-13.wbbasket.ru/vol2666/part266637/266637176/info/ru/card.json
2025-08-09T12:35:09.456Z - INFO - Запрос к card API: https://basket-14.wbbasket.ru/vol2666/part266637/266637176/info/ru/card.json
2025-08-09T12:35:10.144Z - WARN - Ошибка card API: Request failed with status code 404, URL: https://basket-14.wbbasket.ru/vol2666/part266637/266637176/info/ru/card.json
2025-08-09T12:35:10.145Z - INFO - Запрос к card API: https://basket-15.wbbasket.ru/vol2666/part266637/266637176/info/ru/card.json
2025-08-09T12:35:10.519Z - INFO - Данные пользователей сохранены в MongoDB
2025-08-09T12:35:10.642Z - INFO - Изображение доступно: https://basket-14.wbbasket.ru/vol2148/part214867/214867261/images/big/1.webp
2025-08-09T12:35:10.643Z - INFO - Запрос к price API: https://basket-14.wbbasket.ru/vol2148/part214867/214867261/info/price-history.json
2025-08-09T12:35:10.773Z - INFO - Запрос к wb_card API: https://card.wb.ru/cards/v4/detail?appType=1&curr=rub&dest=123585822&spp=30&hide_dtype=13&ab_testid=no_reranking&lang=ru&nm=214867261
2025-08-09T12:35:10.826Z - WARN - Ошибка card API: Request failed with status code 404, URL: https://basket-15.wbbasket.ru/vol2666/part266637/266637176/info/ru/card.json
2025-08-09T12:35:10.827Z - INFO - Запрос к card API: https://basket-16.wbbasket.ru/vol2666/part266637/266637176/info/ru/card.json
2025-08-09T12:35:11.155Z - INFO - Успешно получены данные для 214867261, imageUrl: https://basket-14.wbbasket.ru/vol2148/part214867/214867261/images/big/1.webp
2025-08-09T12:35:11.512Z - WARN - Ошибка card API: Request failed with status code 404, URL: https://basket-16.wbbasket.ru/vol2666/part266637/266637176/info/ru/card.json
2025-08-09T12:35:11.513Z - INFO - Запрос к card API: https://basket-17.wbbasket.ru/vol2666/part266637/266637176/info/ru/card.json
2025-08-09T12:35:11.606Z - INFO - Данные пользователей сохранены в MongoDB
2025-08-09T12:35:11.607Z - INFO - Отправка сообщения, imageUrl: https://basket-14.wbbasket.ru/vol2148/part214867/214867261/images/big/1.webp
2025-08-09T12:35:12.092Z - INFO - Автоматическая проверка цен завершена для chat_id: 6825148174
2025-08-09T12:35:12.620Z - INFO - Данные пользователей сохранены в MongoDB
2025-08-09T12:35:12.768Z - INFO - Изображение доступно: https://basket-17.wbbasket.ru/vol2666/part266637/266637176/images/big/1.webp
2025-08-09T12:35:12.769Z - INFO - Запрос к price API: https://basket-17.wbbasket.ru/vol2666/part266637/266637176/info/price-history.json
2025-08-09T12:35:12.896Z - INFO - Запрос к wb_card API: https://card.wb.ru/cards/v4/detail?appType=1&curr=rub&dest=123585822&spp=30&hide_dtype=13&ab_testid=no_reranking&lang=ru&nm=266637176
2025-08-09T12:35:13.025Z - INFO - Успешно получены данные для 266637176, imageUrl: https://basket-17.wbbasket.ru/vol2666/part266637/266637176/images/big/1.webp
2025-08-09T12:35:13.475Z - INFO - Данные пользователей сохранены в MongoDB
2025-08-09T12:35:13.476Z - INFO - Отправка сообщения, imageUrl: https://basket-17.wbbasket.ru/vol2666/part266637/266637176/images/big/1.webp
2025-08-09T12:35:14.020Z - INFO - Автоматическая проверка цен завершена для chat_id: 1364079703
2025-08-09T12:35:30.160Z - INFO - Завершение работы бота...
2025-08-09T12:36:15.525Z - INFO - Бот запущен
2025-08-09T12:36:17.696Z - INFO - Успешно подключено к MongoDB, индекс для chatId создан
2025-08-09T12:36:17.877Z - INFO - Данные пользователей загружены из MongoDB
2025-08-09T12:36:17.878Z - INFO - Загружено 2 пользователей для планирования проверок
2025-08-09T12:36:17.878Z - INFO - Запуск планировщика для chat_id: 1364079703 с интервалом: */15 * * * *
2025-08-09T12:36:18.370Z - INFO - Запуск планировщика для chat_id: 6825148174 с интервалом: */5 * * * *
2025-08-09T12:36:18.640Z - INFO - Успешно подключено к MongoDB, индекс для chatId создан
2025-08-09T12:37:53.188Z - INFO - Бот запущен
2025-08-09T12:37:55.435Z - INFO - Успешно подключено к MongoDB, индекс для chatId создан
2025-08-09T12:37:55.597Z - INFO - Данные пользователей загружены из MongoDB
2025-08-09T12:37:55.598Z - INFO - Загружено 2 пользователей для планирования проверок
2025-08-09T12:37:55.599Z - INFO - Запуск планировщика для chat_id: 1364079703 с интервалом: */15 * * * *
2025-08-09T12:37:56.151Z - INFO - Запуск планировщика для chat_id: 6825148174 с интервалом: */5 * * * *
2025-08-09T12:37:56.440Z - INFO - Успешно подключено к MongoDB, индекс для chatId создан
2025-08-09T12:37:57.583Z - INFO - Завершение работы бота...
2025-08-09T12:38:00.409Z - INFO - Бот запущен
2025-08-09T12:38:02.438Z - INFO - Успешно подключено к MongoDB, индекс для chatId создан
2025-08-09T12:38:02.599Z - INFO - Данные пользователей загружены из MongoDB
2025-08-09T12:38:02.600Z - INFO - Загружено 2 пользователей для планирования проверок
2025-08-09T12:38:02.600Z - INFO - Запуск планировщика для chat_id: 1364079703 с интервалом: */15 * * * *
2025-08-09T12:38:03.109Z - INFO - Запуск планировщика для chat_id: 6825148174 с интервалом: */5 * * * *
2025-08-09T12:38:03.366Z - INFO - Успешно подключено к MongoDB, индекс для chatId создан
2025-08-09T12:38:24.016Z - INFO - Бот запущен
2025-08-09T12:38:26.022Z - INFO - Успешно подключено к MongoDB, индекс для chatId создан
2025-08-09T12:38:26.192Z - INFO - Данные пользователей загружены из MongoDB
2025-08-09T12:38:26.193Z - INFO - Загружено 2 пользователей для планирования проверок
2025-08-09T12:38:26.194Z - INFO - Запуск планировщика для chat_id: 1364079703 с интервалом: */15 * * * *
2025-08-09T12:38:26.659Z - INFO - Запуск планировщика для chat_id: 6825148174 с интервалом: */5 * * * *
2025-08-09T12:38:27.005Z - INFO - Успешно подключено к MongoDB, индекс для chatId создан
2025-08-09T12:39:03.730Z - INFO - Завершение работы бота...
